Running binary_search_tests
TEST(BinarySearch, ErrorType1_ToLeft)
binary_search.test.cpp:410: error: Failure in TEST(BinarySearch, ErrorType1_ToLeft)
	expected <7>
	but was  <0>
	difference starts at position 0 at: <          0         >
	                                               ^

 - 4 ms
TEST(BinarySearch, ErrorType1_CondPMEquals) - 0 ms
TEST(BinarySearch, ErrorType1_CondMinEquals) - 0 ms
TEST(BinarySearch, ErrorType1_CondMinInterval) - 0 ms
TEST(BinarySearch, ErrorType1_CondRight) - 0 ms
TEST(BinarySearch, ErrorType1)
binary_search.test.cpp:369: error: Failure in TEST(BinarySearch, ErrorType1)
	expected <8>
	but was  <0>
	difference starts at position 0 at: <          0         >
	                                               ^

 - 0 ms
TEST(BinarySearch, NVFMock_InitFifoNeverFullyWritten) - 0 ms
TEST(BinarySearch, NVFMock_InitFifoNotFullWithoutZeros) - 0 ms
TEST(BinarySearch, NVFMock_FifoFull) - 0 ms
TEST(BinarySearch, NVFMock_AllWritten) - 0 ms
TEST(BinarySearch, NVFMock_NeverWriten) - 0 ms
TEST(BinarySearch, CycleExtemeWithScale) - 0 ms
TEST(BinarySearch, ScaleHypothesis8) - 0 ms
TEST(BinarySearch, ScaleHypothesis7) - 0 ms
TEST(BinarySearch, ScaleHypothesis6) - 0 ms
TEST(BinarySearch, ScaleHypothesis5) - 0 ms
TEST(BinarySearch, ScaleHypothesis4) - 0 ms
TEST(BinarySearch, ScaleHypothesis3) - 0 ms
TEST(BinarySearch, ScaleHypothesis2)
binary_search.test.cpp:265: error: Failure in TEST(BinarySearch, ScaleHypothesis2)
	expected <5>
	but was  <0>
	difference starts at position 0 at: <          0         >
	                                               ^

 - 0 ms
TEST(BinarySearch, ScaleHypothesis1) - 0 ms
TEST(BinarySearch, ConerCase11)
binary_search.test.cpp:248: error: Failure in TEST(BinarySearch, ConerCase11)
	expected <8>
	but was  <0>
	difference starts at position 0 at: <          0         >
	                                               ^

 - 0 ms
TEST(BinarySearch, ConerCase10) - 0 ms
TEST(BinarySearch, ConerCase9) - 0 ms
TEST(BinarySearch, ConerCase8) - 0 ms
TEST(BinarySearch, ConerCase7) - 0 ms
TEST(BinarySearch, ConerCase6) - 0 ms
TEST(BinarySearch, ConerCase5) - 0 ms
TEST(BinarySearch, ConerCase4)
binary_search.test.cpp:185: error: Failure in TEST(BinarySearch, ConerCase4)
	expected <9>
	but was  <0>
	difference starts at position 0 at: <          0         >
	                                               ^

 - 0 ms
TEST(BinarySearch, ConerCase3)
binary_search.test.cpp:176: error: Failure in TEST(BinarySearch, ConerCase3)
	expected <7>
	but was  <0>
	difference starts at position 0 at: <          0         >
	                                               ^

 - 0 ms
TEST(BinarySearch, ConerCase2) - 0 ms
TEST(BinarySearch, ConerCase1) - 0 ms
TEST(BinarySearch, sizeOne) - 0 ms
TEST(BinarySearch, sizeZero) - 0 ms
TEST(BinarySearch, NullTest) - 0 ms
TEST(BinarySearch, CycleTest6) - 0 ms
TEST(BinarySearch, CycleTest5) - 0 ms
TEST(BinarySearch, CycleTest4) - 0 ms
TEST(BinarySearch, CycleTest3) - 0 ms
TEST(BinarySearch, CycleTest2) - 0 ms
TEST(BinarySearch, CycleTest) - 0 ms
TEST(BinarySearch, InitFifoEmptyAllWritten) - 0 ms
TEST(BinarySearch, InitFifoEmptyNeverWritten) - 0 ms
TEST(BinarySearch, InitFifoNeverFullyWritten) - 0 ms
TEST(BinarySearch, InitFifoNotFullWithMultipleZeros) - 0 ms
TEST(BinarySearch, InitFifoNotFullWithoutZeros) - 0 ms
TEST(BinarySearch, InitFifoFull) - 0 ms

[31;1mErrors (6 failures, 46 tests, 46 ran, 87 checks, 0 ignored, 0 filtered out, 4 ms)[m

